<?xml version="1.0" encoding="UTF-8"?>
<testsuite xmlns:xsi="http://www.w3.org/2001/XMLSchema-instance" xsi:noNamespaceSchemaLocation="https://maven.apache.org/surefire/maven-surefire-plugin/xsd/surefire-test-report-3.0.xsd" version="3.0" name="TestSuite" time="19.501" tests="1" errors="0" skipped="0" failures="0">
  <properties>
[...]
</properties>
  <testcase name="runScenario[&quot;Open Amazon&quot;, &quot;Optional[Amazon]&quot;](1)" classname="Steps.TestRunners" time="18.403">
    <system-out><![CDATA[
Scenario: Open Amazon                 &amp#27;[90m# src/test/ressources/Feature/Amazon.feature:5&amp#27;[0m
  &amp#27;[32mGiven &amp#27;[0m&amp#27;[32mLaunch Amazon&amp#27;[0m                 &amp#27;[90m# Steps.AmazonStep.beforeTest()&amp#27;[0m
produit
  &amp#27;[32mWhen &amp#27;[0m&amp#27;[32mle mot "&amp#27;[0m&amp#27;[32m&amp#27;[1mproduit&amp#27;[0m&amp#27;[32m" est recherche&amp#27;[0m &amp#27;[90m# Steps.AmazonStep.rechercheUnObjet(java.lang.String)&amp#27;[0m
]]></system-out>
    <system-err><![CDATA[0 [main] INFO utilities.PropertiesReader - Loading from property..
0 [main] INFO utilities.PropertiesReader - successfully data loaded from property..
Starting ChromeDriver 98.0.4758.102 (273bf7ac8c909cde36982d27f66f3c70846a3718-refs/branch-heads/4758@{#1151}) on port 45580
Only local connections are allowed.
Please see https://chromedriver.chromium.org/security-considerations for suggestions on keeping ChromeDriver safe.
ChromeDriver was started successfully.
mars 01, 2022 12:55:07 AM org.openqa.selenium.remote.ProtocolHandshake createSession
INFOS: Detected dialect: W3C
]]></system-err>
  </testcase>
</testsuite>