<?xml version="1.0" encoding="UTF-8"?>
<testng-results ignored="0" total="1" passed="1" failed="0" skipped="0">
  <reporter-output>
  </reporter-output>
  <suite started-at="2022-02-17T01:38:42 CET" name="Steps.TestRunners" finished-at="2022-02-17T01:38:57 CET" duration-ms="14853">
    <groups>
      <group name="cucumber">
        <method signature="AbstractTestNGCucumberTests.runScenario(io.cucumber.testng.PickleWrapper,io.cucumber.testng.FeatureWrapper)[pri:0, instance:Steps.TestRunners@5656be13]" name="runScenario" class="io.cucumber.testng.AbstractTestNGCucumberTests"/>
      </group> <!-- cucumber -->
    </groups>
    <test started-at="2022-02-17T01:38:42 CET" name="Command line test" finished-at="2022-02-17T01:38:57 CET" duration-ms="14853">
      <class name="Steps.TestRunners">
        <test-method is-config="true" signature="setUpClass(org.testng.ITestContext)[pri:0, instance:Steps.TestRunners@5656be13]" started-at="2022-02-17T01:38:42 CET" name="setUpClass" finished-at="2022-02-17T01:38:43 CET" duration-ms="631" status="PASS">
          <params>
            <param index="0">
              <value>
                <![CDATA[org.testng.TestRunner@ce9b9a9]]>
              </value>
            </param>
          </params>
          <reporter-output>
          </reporter-output>
        </test-method> <!-- setUpClass -->
        <test-method signature="runScenario(io.cucumber.testng.PickleWrapper,io.cucumber.testng.FeatureWrapper)[pri:0, instance:Steps.TestRunners@5656be13]" started-at="2022-02-17T01:38:43 CET" name="runScenario" description="Runs Cucumber Scenarios" data-provider="scenarios" finished-at="2022-02-17T01:38:56 CET" duration-ms="13555" status="PASS">
          <params>
            <param index="0">
              <value>
                <![CDATA["Open Amazon"]]>
              </value>
            </param>
            <param index="1">
              <value>
                <![CDATA["Optional[Amazon]"]]>
              </value>
            </param>
          </params>
          <reporter-output>
          </reporter-output>
        </test-method> <!-- runScenario -->
        <test-method is-config="true" signature="tearDownClass()[pri:0, instance:Steps.TestRunners@5656be13]" started-at="2022-02-17T01:38:56 CET" name="tearDownClass" finished-at="2022-02-17T01:38:57 CET" duration-ms="633" status="PASS">
          <reporter-output>
          </reporter-output>
        </test-method> <!-- tearDownClass -->
      </class> <!-- Steps.TestRunners -->
    </test> <!-- Command line test -->
  </suite> <!-- Steps.TestRunners -->
</testng-results>
