<?xml version="1.0" encoding="UTF-8"?>
<testng-results ignored="0" total="1" passed="1" failed="0" skipped="0">
  <reporter-output>
  </reporter-output>
  <suite started-at="2022-02-28T23:55:05Z" name="Amazon suite test" finished-at="2022-02-28T23:55:24Z" duration-ms="19028">
    <groups>
      <group name="cucumber">
        <method signature="AbstractTestNGCucumberTests.runScenario(io.cucumber.testng.PickleWrapper, io.cucumber.testng.FeatureWrapper)[pri:0, instance:Steps.TestRunners@f2ff811]" name="runScenario" class="io.cucumber.testng.AbstractTestNGCucumberTests"/>
      </group> <!-- cucumber -->
    </groups>
    <test started-at="2022-02-28T23:55:05Z" name="Amazon" finished-at="2022-02-28T23:55:24Z" duration-ms="19028">
      <class name="Steps.TestRunners">
        <test-method is-config="true" signature="setUpClass(org.testng.ITestContext)[pri:0, instance:Steps.TestRunners@f2ff811]" started-at="2022-02-28T23:55:05Z" name="setUpClass" finished-at="2022-02-28T23:55:06Z" duration-ms="518" status="PASS">
          <params>
            <param index="0">
              <value>
                <![CDATA[org.testng.TestRunner@25cd49a4]]>
              </value>
            </param>
          </params>
          <reporter-output>
          </reporter-output>
        </test-method> <!-- setUpClass -->
        <test-method signature="runScenario(io.cucumber.testng.PickleWrapper, io.cucumber.testng.FeatureWrapper)[pri:0, instance:Steps.TestRunners@f2ff811]" started-at="2022-02-28T23:55:06Z" name="runScenario" description="Runs Cucumber Scenarios" data-provider="scenarios" finished-at="2022-02-28T23:55:24Z" duration-ms="18385" status="PASS">
          <params>
            <param index="0">
              <value>
                <![CDATA["Open Amazon"]]>
              </value>
            </param>
            <param index="1">
              <value>
                <![CDATA["Optional[Amazon]"]]>
              </value>
            </param>
          </params>
          <reporter-output>
          </reporter-output>
        </test-method> <!-- runScenario -->
        <test-method is-config="true" signature="tearDownClass()[pri:0, instance:Steps.TestRunners@f2ff811]" started-at="2022-02-28T23:55:24Z" name="tearDownClass" finished-at="2022-02-28T23:55:24Z" duration-ms="109" status="PASS">
          <reporter-output>
          </reporter-output>
        </test-method> <!-- tearDownClass -->
      </class> <!-- Steps.TestRunners -->
    </test> <!-- Amazon -->
  </suite> <!-- Amazon suite test -->
</testng-results>
